TN:
SF:src/Factory.sol
FN:35,Factory.createDCA
FNDA:10,Factory.createDCA
DA:47,10
DA:48,10
DA:49,10
FNF:1
FNH:1
LF:3
LH:3
BRF:0
BRH:0
end_of_record
TN:
SF:src/Vault.sol
FN:36,Vault.bento
FNDA:1,Vault.bento
DA:37,18
FN:41,Vault.owner
FNDA:1,Vault.owner
DA:42,8
FN:46,Vault.sellToken
FNDA:1,Vault.sellToken
DA:47,6
FN:51,Vault.buyToken
FNDA:1,Vault.buyToken
DA:52,12
FN:62,Vault.dcaData
FNDA:1,Vault.dcaData
DA:67,6
FN:102,Vault.executeDCA
FNDA:5,Vault.executeDCA
DA:103,5
DA:110,5
DA:112,5
BRDA:112,0,0,1
BRDA:112,0,1,4
DA:113,1
DA:115,4
DA:117,4
DA:121,4
DA:122,3
DA:126,3
DA:127,3
DA:128,3
DA:129,3
DA:130,3
DA:131,3
DA:136,3
DA:138,3
DA:139,3
DA:142,3
DA:143,3
DA:144,3
BRDA:144,1,0,1
BRDA:144,1,1,2
DA:145,1
DA:148,2
FN:152,Vault.withdraw
FNDA:2,Vault.withdraw
DA:153,1
DA:154,1
FN:159,Vault.cancel
FNDA:2,Vault.cancel
DA:160,1
DA:161,1
DA:162,1
FN:167,Vault.setLastBuy
FNDA:10,Vault.setLastBuy
DA:168,10
BRDA:168,2,0,9
BRDA:168,2,1,1
DA:169,10
BRDA:169,3,0,9
BRDA:169,3,1,1
DA:170,9
DA:172,1
FN:177,Vault.getPrice
FNDA:7,Vault.getPrice
DA:178,7
DA:179,7
BRDA:179,4,0,1
BRDA:179,4,1,6
DA:180,1
DA:182,6
FNF:10
FNH:10
LF:40
LH:40
BRF:10
BRH:10
end_of_record
TN:
SF:src/mocks/PriceAggregator.sol
FN:14,PriceAggregator.setLatestAnswer
FNDA:1,PriceAggregator.setLatestAnswer
DA:15,1
FN:18,PriceAggregator.latestRoundData
FNDA:7,PriceAggregator.latestRoundData
DA:24,7
FNF:2
FNH:2
LF:2
LH:2
BRF:0
BRH:0
end_of_record
